app/build/intermediates/manifest_merge_blame_file/debug/manifest-merger-blame-debug-report.txt
1<?xml version="1.0" encoding="utf-8"?>
2<manifest xmlns:android="http://schemas.android.com/apk/res/android"
3    package="com.aplanetbit.visit.slovenia.hd"
4    android:versionCode="10"
5    android:versionName="1.0" >
6
7    <uses-sdk
8        android:minSdkVersion="22"
8-->src/main/AndroidManifest.xml
9        android:targetSdkVersion="28" />
9-->src/main/AndroidManifest.xml
10
11    <supports-screens
11-->src/main/AndroidManifest.xml:7:5-13:40
12        android:anyDensity="true"
12-->src/main/AndroidManifest.xml:8:9-34
13        android:largeScreens="true"
13-->src/main/AndroidManifest.xml:9:9-36
14        android:normalScreens="true"
14-->src/main/AndroidManifest.xml:10:9-37
15        android:resizeable="true"
15-->src/main/AndroidManifest.xml:11:9-34
16        android:smallScreens="true"
16-->src/main/AndroidManifest.xml:12:9-36
17        android:xlargeScreens="true" />
17-->src/main/AndroidManifest.xml:13:9-37
18
19    <uses-feature
19-->src/main/AndroidManifest.xml:15:5-17:34
20        android:glEsVersion="0x00020000"
20-->src/main/AndroidManifest.xml:16:9-41
21        android:required="true" />
21-->src/main/AndroidManifest.xml:17:9-32
22
23    <uses-permission android:name="android.permission.INTERNET" />
23-->src/main/AndroidManifest.xml:19:5-67
23-->src/main/AndroidManifest.xml:19:22-64
24    <uses-permission android:name="android.permission.ACCESS_NETWORK_STATE" />
24-->src/main/AndroidManifest.xml:20:5-79
24-->src/main/AndroidManifest.xml:20:22-76
25    <uses-permission android:name="android.permission.ACCESS_COARSE_LOCATION" />
25-->src/main/AndroidManifest.xml:21:5-81
25-->src/main/AndroidManifest.xml:21:22-78
26    <uses-permission android:name="android.permission.ACCESS_FINE_LOCATION" />
26-->src/main/AndroidManifest.xml:22:5-79
26-->src/main/AndroidManifest.xml:22:22-76
27    <uses-permission android:name="android.permission.RECEIVE_BOOT_COMPLETED" />
27-->src/main/AndroidManifest.xml:23:5-81
27-->src/main/AndroidManifest.xml:23:22-78
28    <uses-permission android:name="android.permission.SYSTEM_ALERT_WINDOW" />
28-->src/main/AndroidManifest.xml:24:5-78
28-->src/main/AndroidManifest.xml:24:22-75
29    <uses-permission android:name="android.permission.WAKE_LOCK" />
29-->src/main/AndroidManifest.xml:25:5-68
29-->src/main/AndroidManifest.xml:25:22-65
30    <uses-permission android:name="com.android.browser.permission.READ_HISTORY_BOOKMARKS" />
30-->src/main/AndroidManifest.xml:26:5-93
30-->src/main/AndroidManifest.xml:26:22-90
31    <uses-permission android:name="com.android.browser.permission.WRITE_HISTORY_BOOKMARKS" />
31-->src/main/AndroidManifest.xml:27:5-94
31-->src/main/AndroidManifest.xml:27:22-91
32    <uses-permission android:name="com.android.launcher.permission.INSTALL_SHORTCUT" />
32-->src/main/AndroidManifest.xml:28:5-88
32-->src/main/AndroidManifest.xml:28:22-85
33    <uses-permission android:name="com.android.launcher.permission.UNINSTALL_SHORTCUT" />
33-->src/main/AndroidManifest.xml:29:5-90
33-->src/main/AndroidManifest.xml:29:22-87
34    <uses-permission android:name="android.permission.WRITE_EXTERNAL_STORAGE" />
34-->src/main/AndroidManifest.xml:30:5-81
34-->src/main/AndroidManifest.xml:30:22-78
35    <uses-permission android:name="android.permission.READ_PHONE_STATE" />
35-->src/main/AndroidManifest.xml:31:5-75
35-->src/main/AndroidManifest.xml:31:22-72
36    <uses-permission android:name="android.permission.READ_EXTERNAL_STORAGE" />
36-->src/main/AndroidManifest.xml:32:5-80
36-->src/main/AndroidManifest.xml:32:22-77
37    <uses-permission android:name="com.google.android.providers.gsf.permission.READ_GSERVICES" />
37-->src/main/AndroidManifest.xml:33:5-98
37-->src/main/AndroidManifest.xml:33:22-95
38
39    <application
39-->src/main/AndroidManifest.xml:35:5-233:19
40        android:allowBackup="true"
40-->src/main/AndroidManifest.xml:36:9-35
41        android:appComponentFactory="androidx.core.app.CoreComponentFactory"
41-->[androidx.core:core:1.0.0] AndroidManifest.xml:22:18-86
42        android:debuggable="true"
43        android:icon="@mipmap/ic_launcher"
43-->src/main/AndroidManifest.xml:37:9-43
44        android:label="@string/app_name"
44-->src/main/AndroidManifest.xml:38:9-41
45        android:testOnly="true" >
46        <meta-data
46-->src/main/AndroidManifest.xml:39:9-41:69
47            android:name="com.google.android.gms.version"
47-->src/main/AndroidManifest.xml:40:13-58
48            android:value="@integer/google_play_services_version" />
48-->src/main/AndroidManifest.xml:41:13-66
49
50        <!-- suppress AndroidDomInspection -->
51        <activity
51-->src/main/AndroidManifest.xml:44:9-53:20
52            android:name="com.aplanetbit.visit.slovenia.hd.VisitSloveniaHD"
52-->src/main/AndroidManifest.xml:45:13-76
53            android:configChanges="keyboard|keyboardHidden|orientation|screenLayout|uiMode|screenSize|smallestScreenSize"
53-->src/main/AndroidManifest.xml:47:13-122
54            android:label="@string/app_name" >
54-->src/main/AndroidManifest.xml:46:13-45
55            <intent-filter>
55-->src/main/AndroidManifest.xml:48:13-52:29
56                <action android:name="android.intent.action.MAIN" />
56-->src/main/AndroidManifest.xml:49:17-69
56-->src/main/AndroidManifest.xml:49:25-66
57
58                <category android:name="android.intent.category.LAUNCHER" />
58-->src/main/AndroidManifest.xml:51:17-77
58-->src/main/AndroidManifest.xml:51:27-74
59            </intent-filter>
60        </activity>
61
62        <!-- This meta-data tag is required to use Google Play Services. -->
63
64        <activity
64-->src/main/AndroidManifest.xml:57:9-65:20
65            android:name="com.aplanetbit.visit.slovenia.hd.Vocabulario"
65-->src/main/AndroidManifest.xml:58:13-72
66            android:label="@string/vocabulario" >
66-->src/main/AndroidManifest.xml:59:13-48
67            <intent-filter>
67-->src/main/AndroidManifest.xml:60:13-64:29
68                <action android:name="com.aplanetbit.visit.slovenia.hd.Vocabulario" />
68-->src/main/AndroidManifest.xml:61:17-87
68-->src/main/AndroidManifest.xml:61:25-84
69
70                <category android:name="android.intent.category.DEFAULT" />
70-->src/main/AndroidManifest.xml:63:17-76
70-->src/main/AndroidManifest.xml:63:27-73
71            </intent-filter>
72        </activity>
73        <activity android:name="com.aplanetbit.visit.slovenia.hd.MapActivity" >
73-->src/main/AndroidManifest.xml:66:9-72:20
73-->src/main/AndroidManifest.xml:66:19-78
74            <intent-filter>
74-->src/main/AndroidManifest.xml:67:13-71:29
75                <action android:name="com.aplanetbit.visit.slovenia.hd.MapActivity" />
75-->src/main/AndroidManifest.xml:68:17-87
75-->src/main/AndroidManifest.xml:68:25-84
76
77                <category android:name="android.intent.category.DEFAULT" />
77-->src/main/AndroidManifest.xml:63:17-76
77-->src/main/AndroidManifest.xml:63:27-73
78            </intent-filter>
79        </activity>
80        <activity android:name="com.aplanetbit.visit.slovenia.hd.BasicDataActivity" >
80-->src/main/AndroidManifest.xml:74:9-80:20
80-->src/main/AndroidManifest.xml:74:19-84
81            <intent-filter>
81-->src/main/AndroidManifest.xml:75:13-79:29
82                <action android:name="com.aplanetbit.visit.slovenia.hd.BasicDataActivity" />
82-->src/main/AndroidManifest.xml:76:17-93
82-->src/main/AndroidManifest.xml:76:25-90
83
84                <category android:name="android.intent.category.DEFAULT" />
84-->src/main/AndroidManifest.xml:63:17-76
84-->src/main/AndroidManifest.xml:63:27-73
85            </intent-filter>
86        </activity>
87        <activity android:name="com.aplanetbit.visit.slovenia.hd.ComoLlegarActivity" >
87-->src/main/AndroidManifest.xml:82:9-88:20
87-->src/main/AndroidManifest.xml:82:19-85
88            <intent-filter>
88-->src/main/AndroidManifest.xml:83:13-87:29
89                <action android:name="com.aplanetbit.visit.slovenia.hd.ComoLlegarActivity" />
89-->src/main/AndroidManifest.xml:84:17-94
89-->src/main/AndroidManifest.xml:84:25-91
90
91                <category android:name="android.intent.category.DEFAULT" />
91-->src/main/AndroidManifest.xml:63:17-76
91-->src/main/AndroidManifest.xml:63:27-73
92            </intent-filter>
93        </activity>
94        <activity android:name="com.aplanetbit.visit.slovenia.hd.ClimateActivity" >
94-->src/main/AndroidManifest.xml:91:9-97:20
94-->src/main/AndroidManifest.xml:91:19-82
95            <intent-filter>
95-->src/main/AndroidManifest.xml:92:13-96:29
96                <action android:name="com.aplanetbit.visit.slovenia.hd.ClimateActivity" />
96-->src/main/AndroidManifest.xml:93:17-91
96-->src/main/AndroidManifest.xml:93:25-88
97
98                <category android:name="android.intent.category.DEFAULT" />
98-->src/main/AndroidManifest.xml:63:17-76
98-->src/main/AndroidManifest.xml:63:27-73
99            </intent-filter>
100        </activity>
101        <activity android:name="com.aplanetbit.visit.slovenia.hd.AtractionsActivity" >
101-->src/main/AndroidManifest.xml:99:9-105:20
101-->src/main/AndroidManifest.xml:99:19-85
102            <intent-filter>
102-->src/main/AndroidManifest.xml:100:13-104:29
103                <action android:name="com.aplanetbit.visit.slovenia.hd.AtractionsActivity" />
103-->src/main/AndroidManifest.xml:101:17-94
103-->src/main/AndroidManifest.xml:101:25-91
104
105                <category android:name="android.intent.category.DEFAULT" />
105-->src/main/AndroidManifest.xml:63:17-76
105-->src/main/AndroidManifest.xml:63:27-73
106            </intent-filter>
107        </activity>
108        <activity android:name="com.aplanetbit.visit.slovenia.hd.BledActivity" >
108-->src/main/AndroidManifest.xml:107:9-113:20
108-->src/main/AndroidManifest.xml:107:19-47
109            <intent-filter>
109-->src/main/AndroidManifest.xml:108:13-112:29
110                <action android:name="com.aplanetbit.visit.slovenia.hd.BledActivity" />
110-->src/main/AndroidManifest.xml:109:17-88
110-->src/main/AndroidManifest.xml:109:25-85
111
112                <category android:name="android.intent.category.DEFAULT" />
112-->src/main/AndroidManifest.xml:63:17-76
112-->src/main/AndroidManifest.xml:63:27-73
113            </intent-filter>
114        </activity>
115        <activity android:name="com.aplanetbit.visit.slovenia.hd.PostoinaActivity" >
115-->src/main/AndroidManifest.xml:115:9-121:20
115-->src/main/AndroidManifest.xml:115:19-51
116            <intent-filter>
116-->src/main/AndroidManifest.xml:116:13-120:29
117                <action android:name="com.aplanetbit.visit.slovenia.hd.PostoinaActivity" />
117-->src/main/AndroidManifest.xml:117:17-92
117-->src/main/AndroidManifest.xml:117:25-89
118
119                <category android:name="android.intent.category.DEFAULT" />
119-->src/main/AndroidManifest.xml:63:17-76
119-->src/main/AndroidManifest.xml:63:27-73
120            </intent-filter>
121        </activity>
122        <activity android:name="com.aplanetbit.visit.slovenia.hd.TriglavActivity" >
122-->src/main/AndroidManifest.xml:123:9-129:20
122-->src/main/AndroidManifest.xml:123:19-50
123            <intent-filter>
123-->src/main/AndroidManifest.xml:124:13-128:29
124                <action android:name="com.aplanetbit.visit.slovenia.hd.TriglavActivity" />
124-->src/main/AndroidManifest.xml:125:17-91
124-->src/main/AndroidManifest.xml:125:25-88
125
126                <category android:name="android.intent.category.DEFAULT" />
126-->src/main/AndroidManifest.xml:63:17-76
126-->src/main/AndroidManifest.xml:63:27-73
127            </intent-filter>
128        </activity>
129        <activity android:name="com.aplanetbit.visit.slovenia.hd.IsonzoActivity" >
129-->src/main/AndroidManifest.xml:131:9-137:20
129-->src/main/AndroidManifest.xml:131:19-49
130            <intent-filter>
130-->src/main/AndroidManifest.xml:132:13-136:29
131                <action android:name="com.aplanetbit.visit.slovenia.hd.IsonzoActivity" />
131-->src/main/AndroidManifest.xml:133:17-90
131-->src/main/AndroidManifest.xml:133:25-87
132
133                <category android:name="android.intent.category.DEFAULT" />
133-->src/main/AndroidManifest.xml:63:17-76
133-->src/main/AndroidManifest.xml:63:27-73
134            </intent-filter>
135        </activity>
136        <activity android:name="com.aplanetbit.visit.slovenia.hd.MotorrailActivity" >
136-->src/main/AndroidManifest.xml:139:9-145:20
136-->src/main/AndroidManifest.xml:139:19-52
137            <intent-filter>
137-->src/main/AndroidManifest.xml:140:13-144:29
138                <action android:name="com.aplanetbit.visit.slovenia.hd.MotorrailActivity" />
138-->src/main/AndroidManifest.xml:141:17-93
138-->src/main/AndroidManifest.xml:141:25-90
139
140                <category android:name="android.intent.category.DEFAULT" />
140-->src/main/AndroidManifest.xml:63:17-76
140-->src/main/AndroidManifest.xml:63:27-73
141            </intent-filter>
142        </activity>
143        <activity android:name="com.aplanetbit.visit.slovenia.hd.PiranActivity" >
143-->src/main/AndroidManifest.xml:147:9-153:20
143-->src/main/AndroidManifest.xml:147:19-48
144            <intent-filter>
144-->src/main/AndroidManifest.xml:148:13-152:29
145                <action android:name="com.aplanetbit.visit.slovenia.hd.PiranActivity" />
145-->src/main/AndroidManifest.xml:149:17-89
145-->src/main/AndroidManifest.xml:149:25-86
146
147                <category android:name="android.intent.category.DEFAULT" />
147-->src/main/AndroidManifest.xml:63:17-76
147-->src/main/AndroidManifest.xml:63:27-73
148            </intent-filter>
149        </activity>
150        <activity android:name="com.aplanetbit.visit.slovenia.hd.VelikaPlaninaActivity" >
150-->src/main/AndroidManifest.xml:155:9-161:20
150-->src/main/AndroidManifest.xml:155:19-56
151            <intent-filter>
151-->src/main/AndroidManifest.xml:156:13-160:29
152                <action android:name="com.aplanetbit.visit.slovenia.hd.VelikaPlaninaActivity" />
152-->src/main/AndroidManifest.xml:157:17-97
152-->src/main/AndroidManifest.xml:157:25-94
153
154                <category android:name="android.intent.category.DEFAULT" />
154-->src/main/AndroidManifest.xml:63:17-76
154-->src/main/AndroidManifest.xml:63:27-73
155            </intent-filter>
156        </activity>
157        <activity android:name="com.aplanetbit.visit.slovenia.hd.LogarActivity" >
157-->src/main/AndroidManifest.xml:163:9-169:20
157-->src/main/AndroidManifest.xml:163:19-48
158            <intent-filter>
158-->src/main/AndroidManifest.xml:164:13-168:29
159                <action android:name="com.aplanetbit.visit.slovenia.hd.LogarActivity" />
159-->src/main/AndroidManifest.xml:165:17-89
159-->src/main/AndroidManifest.xml:165:25-86
160
161                <category android:name="android.intent.category.DEFAULT" />
161-->src/main/AndroidManifest.xml:63:17-76
161-->src/main/AndroidManifest.xml:63:27-73
162            </intent-filter>
163        </activity>
164        <activity android:name="com.aplanetbit.visit.slovenia.hd.VideActivity" >
164-->src/main/AndroidManifest.xml:171:9-177:20
164-->src/main/AndroidManifest.xml:171:19-47
165            <intent-filter>
165-->src/main/AndroidManifest.xml:172:13-176:29
166                <action android:name="com.aplanetbit.visit.slovenia.hd.VideActivity" />
166-->src/main/AndroidManifest.xml:173:17-88
166-->src/main/AndroidManifest.xml:173:25-85
167
168                <category android:name="android.intent.category.DEFAULT" />
168-->src/main/AndroidManifest.xml:63:17-76
168-->src/main/AndroidManifest.xml:63:27-73
169            </intent-filter>
170        </activity>
171        <activity android:name="com.aplanetbit.visit.slovenia.hd.RegionesActivity" >
171-->src/main/AndroidManifest.xml:179:9-185:20
171-->src/main/AndroidManifest.xml:179:19-51
172            <intent-filter>
172-->src/main/AndroidManifest.xml:180:13-184:29
173                <action android:name="com.aplanetbit.visit.slovenia.hd.RegionesActivity" />
173-->src/main/AndroidManifest.xml:181:17-92
173-->src/main/AndroidManifest.xml:181:25-89
174
175                <category android:name="android.intent.category.DEFAULT" />
175-->src/main/AndroidManifest.xml:63:17-76
175-->src/main/AndroidManifest.xml:63:27-73
176            </intent-filter>
177        </activity>
178        <activity android:name="com.aplanetbit.visit.slovenia.hd.VacacionesActivity" >
178-->src/main/AndroidManifest.xml:187:9-193:20
178-->src/main/AndroidManifest.xml:187:19-53
179            <intent-filter>
179-->src/main/AndroidManifest.xml:188:13-192:29
180                <action android:name="com.aplanetbit.visit.slovenia.hd.VacacionesActivity" />
180-->src/main/AndroidManifest.xml:189:17-94
180-->src/main/AndroidManifest.xml:189:25-91
181
182                <category android:name="android.intent.category.DEFAULT" />
182-->src/main/AndroidManifest.xml:63:17-76
182-->src/main/AndroidManifest.xml:63:27-73
183            </intent-filter>
184        </activity>
185        <activity android:name="com.aplanetbit.visit.slovenia.hd.CiclismoActivity" >
185-->src/main/AndroidManifest.xml:195:9-201:20
185-->src/main/AndroidManifest.xml:195:19-51
186            <intent-filter>
186-->src/main/AndroidManifest.xml:196:13-200:29
187                <action android:name="com.aplanetbit.visit.slovenia.hd.CiclismoActivity" />
187-->src/main/AndroidManifest.xml:197:17-92
187-->src/main/AndroidManifest.xml:197:25-89
188
189                <category android:name="android.intent.category.DEFAULT" />
189-->src/main/AndroidManifest.xml:63:17-76
189-->src/main/AndroidManifest.xml:63:27-73
190            </intent-filter>
191        </activity>
192        <activity android:name="com.aplanetbit.visit.slovenia.hd.LagoBohiniActivity" >
192-->src/main/AndroidManifest.xml:203:9-209:20
192-->src/main/AndroidManifest.xml:203:19-53
193            <intent-filter>
193-->src/main/AndroidManifest.xml:204:13-208:29
194                <action android:name="com.aplanetbit.visit.slovenia.hd.LagoBohiniActivity" />
194-->src/main/AndroidManifest.xml:205:17-94
194-->src/main/AndroidManifest.xml:205:25-91
195
196                <category android:name="android.intent.category.DEFAULT" />
196-->src/main/AndroidManifest.xml:63:17-76
196-->src/main/AndroidManifest.xml:63:27-73
197            </intent-filter>
198        </activity>
199        <activity android:name="com.aplanetbit.visit.slovenia.hd.SpaActivity" >
199-->src/main/AndroidManifest.xml:211:9-217:20
199-->src/main/AndroidManifest.xml:211:19-46
200            <intent-filter>
200-->src/main/AndroidManifest.xml:212:13-216:29
201                <action android:name="com.aplanetbit.visit.slovenia.hd.SpaActivity" />
201-->src/main/AndroidManifest.xml:213:17-87
201-->src/main/AndroidManifest.xml:213:25-84
202
203                <category android:name="android.intent.category.DEFAULT" />
203-->src/main/AndroidManifest.xml:63:17-76
203-->src/main/AndroidManifest.xml:63:27-73
204            </intent-filter>
205        </activity>
206
207        <meta-data
207-->src/main/AndroidManifest.xml:219:9-221:71
208            android:name="com.google.android.maps.v2.API_KEY"
208-->src/main/AndroidManifest.xml:220:13-62
209            android:value="AIzaSyA_O2TpaRbzqWdiBfhX7b-ykBJ0bQCF4rg" />
209-->src/main/AndroidManifest.xml:221:13-68
210
211        <activity
211-->src/main/AndroidManifest.xml:223:9-225:77
212            android:name="com.aplanetbit.visit.slovenia.hd.SloveniaMapsActivity"
212-->src/main/AndroidManifest.xml:224:13-81
213            android:label="@string/title_activity_slovenia_maps" />
213-->src/main/AndroidManifest.xml:225:13-65
214
215        <uses-library
215-->src/main/AndroidManifest.xml:227:9-87
216            android:name="org.apache.http.legacy"
216-->src/main/AndroidManifest.xml:227:23-60
217            android:required="false" />
217-->src/main/AndroidManifest.xml:227:61-85
218
219        <!-- Sample AdMob App ID: ca-app-pub-3940256099942544~3347511713 -->
220        <meta-data
220-->src/main/AndroidManifest.xml:230:9-232:53
221            android:name="com.google.android.gms.ads.APPLICATION_ID"
221-->src/main/AndroidManifest.xml:231:13-69
222            android:value="@string/application_id" />
222-->src/main/AndroidManifest.xml:232:13-51
223        <!-- Include the AdActivity and InAppPurchaseActivity configChanges and themes. -->
224        <activity
224-->[com.google.android.gms:play-services-ads-lite:19.1.0] AndroidManifest.xml:29:9-33:64
225            android:name="com.google.android.gms.ads.AdActivity"
225-->[com.google.android.gms:play-services-ads-lite:19.1.0] AndroidManifest.xml:30:13-65
226            android:configChanges="keyboard|keyboardHidden|orientation|screenLayout|uiMode|screenSize|smallestScreenSize"
226-->[com.google.android.gms:play-services-ads-lite:19.1.0] AndroidManifest.xml:31:13-122
227            android:exported="false"
227-->[com.google.android.gms:play-services-ads-lite:19.1.0] AndroidManifest.xml:32:13-37
228            android:theme="@android:style/Theme.Translucent" />
228-->[com.google.android.gms:play-services-ads-lite:19.1.0] AndroidManifest.xml:33:13-61
229
230        <provider
230-->[com.google.android.gms:play-services-ads-lite:19.1.0] AndroidManifest.xml:35:9-39:39
231            android:name="com.google.android.gms.ads.MobileAdsInitProvider"
231-->[com.google.android.gms:play-services-ads-lite:19.1.0] AndroidManifest.xml:36:13-76
232            android:authorities="com.aplanetbit.visit.slovenia.hd.mobileadsinitprovider"
232-->[com.google.android.gms:play-services-ads-lite:19.1.0] AndroidManifest.xml:37:13-73
233            android:exported="false"
233-->[com.google.android.gms:play-services-ads-lite:19.1.0] AndroidManifest.xml:38:13-37
234            android:initOrder="100" />
234-->[com.google.android.gms:play-services-ads-lite:19.1.0] AndroidManifest.xml:39:13-36
235
236        <activity
236-->[com.google.android.gms:play-services-base:17.0.0] AndroidManifest.xml:23:9-26:75
237            android:name="com.google.android.gms.common.api.GoogleApiActivity"
237-->[com.google.android.gms:play-services-base:17.0.0] AndroidManifest.xml:24:13-79
238            android:exported="false"
238-->[com.google.android.gms:play-services-base:17.0.0] AndroidManifest.xml:25:13-37
239            android:theme="@android:style/Theme.Translucent.NoTitleBar" />
239-->[com.google.android.gms:play-services-base:17.0.0] AndroidManifest.xml:26:13-72
240    </application>
241
242</manifest>